[2020-01-13 14:31:13,038]-logs.py]-INFO:设置交易密码——设置5位格式不正确密码【PASS】
[2020-01-13 14:31:13,191]-logs.py]-INFO:设置交易密码——设置7位格式不正确密码【PASS】
[2020-01-13 14:31:13,566]-logs.py]-INFO:设置交易密码——设置6位正确密码【PASS】
[2020-01-13 14:47:59,414]-logs.py]-INFO:查询sql数据组合list为['自动化简称', '创意设计', '自动化测试任务1', '自动化简称', '创意设计', '自动化测试任务1', '自动化简称', '创意设计', '自动化测试任务1', '自动化简称', '创意设计', '自动化测试任务1', '自动化简称', '创意设计', '自动化测试任务1', '自动化简称', '创意设计', '自动化测试任务1', '自动化简称', '创意设计', '自动化测试任务1']
[2020-01-13 14:47:59,417]-logs.py]-INFO:接口响应数据组合list为['自动化简称', '创意设计', '自动化测试任务1', '自动化简称', '创意设计', '自动化测试任务1', '自动化简称', '创意设计', '自动化测试任务1', '自动化简称', '创意设计', '自动化测试任务1', '自动化简称', '创意设计', '自动化测试任务1', '自动化简称', '创意设计', '自动化测试任务1', '自动化简称', '创意设计', '自动化测试任务1']
[2020-01-13 14:47:59,419]-logs.py]-INFO:我的报名——全部页面【PASS】
[2020-01-13 14:47:59,652]-logs.py]-INFO:查询sql数据组合list为['自动化简称', '创意设计', '自动化测试任务1', '自动化简称', '创意设计', '自动化测试任务1', '自动化简称', '创意设计', '自动化测试任务1', '自动化简称', '创意设计', '自动化测试任务1', '自动化简称', '创意设计', '自动化测试任务1', '自动化简称', '创意设计', '自动化测试任务1', '自动化简称', '创意设计', '自动化测试任务1', '自动化简称', '创意设计', '自动化测试任务1']
[2020-01-13 14:47:59,653]-logs.py]-INFO:接口响应数据组合list为['自动化简称', '创意设计', '自动化测试任务1', '自动化简称', '创意设计', '自动化测试任务1', '自动化简称', '创意设计', '自动化测试任务1', '自动化简称', '创意设计', '自动化测试任务1', '自动化简称', '创意设计', '自动化测试任务1', '自动化简称', '创意设计', '自动化测试任务1', '自动化简称', '创意设计', '自动化测试任务1', '自动化简称', '创意设计', '自动化测试任务1']
[2020-01-13 14:47:59,654]-logs.py]-INFO:我的报名——待审核页面【PASS】
[2020-01-13 14:47:59,870]-logs.py]-INFO:查询sql数据组合list为['自动化简称', '创意设计', '自动化测试任务1', '自动化简称', '创意设计', '自动化测试任务1', '自动化简称', '创意设计', '自动化测试任务1', '自动化简称', '创意设计', '自动化测试任务1', '自动化简称', '创意设计', '自动化测试任务1', '自动化简称', '创意设计', '自动化测试任务1', '自动化简称', '创意设计', '自动化测试任务1', '自动化简称', '创意设计', '自动化测试任务1', '自动化简称', '创意设计', '自动化测试任务1', '自动化简称', '创意设计', '自动化测试任务1']
[2020-01-13 14:47:59,872]-logs.py]-INFO:接口响应数据组合list为['自动化简称', '创意设计', '自动化测试任务1', '自动化简称', '创意设计', '自动化测试任务1', '自动化简称', '创意设计', '自动化测试任务1', '自动化简称', '创意设计', '自动化测试任务1', '自动化简称', '创意设计', '自动化测试任务1', '自动化简称', '创意设计', '自动化测试任务1', '自动化简称', '创意设计', '自动化测试任务1', '自动化简称', '创意设计', '自动化测试任务1', '自动化简称', '创意设计', '自动化测试任务1', '自动化简称', '创意设计', '自动化测试任务1']
[2020-01-13 14:47:59,873]-logs.py]-INFO:我的报名——待签约页面【PASS】
[2020-01-13 14:48:00,101]-logs.py]-INFO:查询sql数据组合list为['自动化简称', '创意设计', '自动化测试任务1', '自动化简称', '创意设计', '自动化测试任务1', '自动化简称', '创意设计', '自动化测试任务1', '自动化简称', '创意设计', '自动化测试任务1', '自动化简称', '创意设计', '自动化测试任务1', '自动化简称', '创意设计', '自动化测试任务1', '自动化简称', '创意设计', '自动化测试任务1', '自动化简称', '创意设计', '自动化测试任务1', '自动化简称', '创意设计', '自动化测试任务1', '自动化简称', '创意设计', '自动化测试任务1', '自动化简称', '创意设计', '自动化测试任务1']
[2020-01-13 14:48:00,103]-logs.py]-INFO:接口响应数据组合list为['自动化简称', '创意设计', '自动化测试任务1', '自动化简称', '创意设计', '自动化测试任务1', '自动化简称', '创意设计', '自动化测试任务1', '自动化简称', '创意设计', '自动化测试任务1', '自动化简称', '创意设计', '自动化测试任务1', '自动化简称', '创意设计', '自动化测试任务1', '自动化简称', '创意设计', '自动化测试任务1', '自动化简称', '创意设计', '自动化测试任务1', '自动化简称', '创意设计', '自动化测试任务1', '自动化简称', '创意设计', '自动化测试任务1', '自动化简称', '创意设计', '自动化测试任务1']
[2020-01-13 14:48:00,104]-logs.py]-INFO:我的报名——已开工页面【PASS】
[2020-01-13 14:48:00,609]-logs.py]-INFO:查询sql数据组合list为['自动化简称', '创意设计', '自动化测试任务1', '自动化简称', '创意设计', '自动化测试任务1', '自动化简称', '创意设计', '自动化测试任务1', '自动化简称', '创意设计', '自动化测试任务1', '自动化简称', '创意设计', '自动化测试任务1', '自动化简称', '创意设计', '自动化测试任务1', '自动化简称', '创意设计', '自动化测试任务1', '自动化简称', '创意设计', '自动化测试任务1', '自动化简称', '创意设计', '自动化测试任务1', '自动化简称', '创意设计', '自动化测试任务1', '自动化简称', '创意设计', '自动化测试任务1', '任务10公司', 222, '任务10', '任务11公司', 222, '任务11', '任务9公司', 222, '任务9', '任务8公司', 222, '任务8', '任务7公司', 222, '任务7', '任务6公司', 312, '任务6', '任务5公司', 222, '任务5', '任务4', 111, '任务4', '任务3公司', 1, '任务3', '任务哈互联网科技阿萨联网科技阿联网科技阿', 99999, '任务2互联网科技阿萨联网科技阿联网科技阿']
[2020-01-13 14:48:00,610]-logs.py]-INFO:接口响应数据组合list为['自动化简称', '创意设计', '自动化测试任务1', '自动化简称', '创意设计', '自动化测试任务1', '自动化简称', '创意设计', '自动化测试任务1', '自动化简称', '创意设计', '自动化测试任务1', '自动化简称', '创意设计', '自动化测试任务1', '自动化简称', '创意设计', '自动化测试任务1', '自动化简称', '创意设计', '自动化测试任务1', '自动化简称', '创意设计', '自动化测试任务1', '自动化简称', '创意设计', '自动化测试任务1', '自动化简称', '创意设计', '自动化测试任务1', '自动化简称', '创意设计', '自动化测试任务1', '任务10公司', 222, '任务10', '任务11公司', 222, '任务11', '任务9公司', 222, '任务9', '任务8公司', 222, '任务8', '任务7公司', 222, '任务7', '任务6公司', 312, '任务6', '任务5公司', 222, '任务5', '任务4', 111, '任务4', '任务3公司', 1, '任务3', '任务哈互联网科技阿萨联网科技阿联网科技阿', 99999, '任务2互联网科技阿萨联网科技阿联网科技阿']
[2020-01-13 14:48:00,611]-logs.py]-INFO:推荐任务——推荐任务列表【PASS】
[2020-01-13 14:48:01,086]-logs.py]-INFO:查询sql数据组合list为['自动化简称', '创意设计', '自动化测试任务1', '自动化简称', '创意设计', '自动化测试任务1', '自动化简称', '创意设计', '自动化测试任务1', '自动化简称', '创意设计', '自动化测试任务1', '自动化简称', '创意设计', '自动化测试任务1', '自动化简称', '创意设计', '自动化测试任务1', '自动化简称', '创意设计', '自动化测试任务1', '自动化简称', '创意设计', '自动化测试任务1', '自动化简称', '创意设计', '自动化测试任务1', '自动化简称', '创意设计', '自动化测试任务1', '自动化简称', '创意设计', '自动化测试任务1', '任务10公司', 222, '任务10', '任务11公司', 222, '任务11', '任务9公司', 222, '任务9', '任务8公司', 222, '任务8', '任务7公司', 222, '任务7', '任务6公司', 312, '任务6', '任务5公司', 222, '任务5', '任务4', 111, '任务4', '任务3公司', 1, '任务3', '任务哈互联网科技阿萨联网科技阿联网科技阿', 99999, '任务2互联网科技阿萨联网科技阿联网科技阿', '任务10公司', 222, '111', '任务10']
[2020-01-13 14:48:01,088]-logs.py]-INFO:接口响应数据组合list为['自动化简称', '创意设计', '自动化测试任务1', '自动化简称', '创意设计', '自动化测试任务1', '自动化简称', '创意设计', '自动化测试任务1', '自动化简称', '创意设计', '自动化测试任务1', '自动化简称', '创意设计', '自动化测试任务1', '自动化简称', '创意设计', '自动化测试任务1', '自动化简称', '创意设计', '自动化测试任务1', '自动化简称', '创意设计', '自动化测试任务1', '自动化简称', '创意设计', '自动化测试任务1', '自动化简称', '创意设计', '自动化测试任务1', '自动化简称', '创意设计', '自动化测试任务1', '任务10公司', 222, '任务10', '任务11公司', 222, '任务11', '任务9公司', 222, '任务9', '任务8公司', 222, '任务8', '任务7公司', 222, '任务7', '任务6公司', 312, '任务6', '任务5公司', 222, '任务5', '任务4', 111, '任务4', '任务3公司', 1, '任务3', '任务哈互联网科技阿萨联网科技阿联网科技阿', 99999, '任务2互联网科技阿萨联网科技阿联网科技阿', '任务10公司', 222, '111', '任务10']
[2020-01-13 14:48:01,089]-logs.py]-INFO:推荐任务详情——推荐任务详情【PASS】
[2020-01-13 14:48:01,544]-logs.py]-INFO:设置登录密码——设置6位密码【PASS】
[2020-01-13 14:48:02,889]-logs.py]-INFO:设置登录密码——设置20位密码【PASS】
[2020-01-13 14:48:04,491]-logs.py]-INFO:实名绑卡——身份证错误【PASS】
[2020-01-13 14:48:06,300]-logs.py]-INFO:实名绑卡——银行卡错误【PASS】
[2020-01-13 14:48:06,424]-logs.py]-INFO:实名绑卡——身份证位数不足【PASS】
[2020-01-13 14:48:06,637]-logs.py]-INFO:实名绑卡——银行卡位数不足【PASS】
[2020-01-13 14:48:07,261]-logs.py]-INFO:实名绑卡——实名绑卡成功【PASS】
[2020-01-13 14:48:08,655]-logs.py]-INFO:设置交易密码——设置5位格式不正确密码【PASS】
[2020-01-13 14:48:08,779]-logs.py]-INFO:设置交易密码——设置7位格式不正确密码【PASS】
[2020-01-13 14:48:09,069]-logs.py]-INFO:设置交易密码——设置6位正确密码【PASS】
