[2020-01-12 15:28:19,844]-logs.py]-DEBUG:---测试---
[2020-01-12 15:28:34,636]-logs.py]-INFO:---测试---
[2020-01-12 15:48:51,636]-logs.py]-ERROR:查询sql数据组合list报错1
[2020-01-12 16:04:17,357]-logs.py]-INFO:查询sql数据组合list为[]
[2020-01-12 16:04:17,358]-logs.py]-INFO:接口响应数据组合list为[]
[2020-01-12 16:04:17,359]-logs.py]-INFO:断言成功
[2020-01-12 16:04:17,495]-logs.py]-INFO:查询sql数据组合list为[]
[2020-01-12 16:04:17,496]-logs.py]-INFO:接口响应数据组合list为[]
[2020-01-12 16:04:17,497]-logs.py]-INFO:断言成功
[2020-01-12 16:04:17,785]-logs.py]-INFO:查询sql数据组合list为[]
[2020-01-12 16:04:17,788]-logs.py]-INFO:接口响应数据组合list为[]
[2020-01-12 16:04:17,789]-logs.py]-INFO:断言成功
[2020-01-12 16:08:35,839]-logs.py]-INFO:查询sql数据组合list为[]
[2020-01-12 16:08:35,840]-logs.py]-INFO:接口响应数据组合list为[]
[2020-01-12 16:08:35,841]-logs.py]-INFO:设置5位格式不正确密码断言成功
[2020-01-12 16:08:35,975]-logs.py]-INFO:查询sql数据组合list为[]
[2020-01-12 16:08:35,976]-logs.py]-INFO:接口响应数据组合list为[]
[2020-01-12 16:08:35,978]-logs.py]-INFO:设置7位格式不正确密码断言成功
[2020-01-12 16:08:36,296]-logs.py]-INFO:查询sql数据组合list为[]
[2020-01-12 16:08:36,297]-logs.py]-INFO:接口响应数据组合list为[]
[2020-01-12 16:08:36,298]-logs.py]-INFO:设置6位正确密码断言成功
[2020-01-12 16:12:53,716]-logs.py]-INFO:查询sql数据组合list为[]
[2020-01-12 16:12:53,718]-logs.py]-INFO:接口响应数据组合list为[]
[2020-01-12 16:12:53,719]-logs.py]-INFO:设置5位格式不正确密码【断言成功】
[2020-01-12 16:12:53,855]-logs.py]-INFO:查询sql数据组合list为[]
[2020-01-12 16:12:53,856]-logs.py]-INFO:接口响应数据组合list为[]
[2020-01-12 16:12:53,857]-logs.py]-INFO:设置7位格式不正确密码【断言成功】
[2020-01-12 16:12:54,140]-logs.py]-INFO:查询sql数据组合list为[]
[2020-01-12 16:12:54,141]-logs.py]-INFO:接口响应数据组合list为[]
[2020-01-12 16:12:54,142]-logs.py]-INFO:设置6位正确密码【断言成功】
[2020-01-12 16:17:05,143]-logs.py]-INFO:查询sql数据组合list为[]
[2020-01-12 16:17:05,145]-logs.py]-INFO:接口响应数据组合list为[]
[2020-01-12 16:17:05,146]-logs.py]-INFO:设置交易密码——设置5位格式不正确密码【PASS】
[2020-01-12 16:17:05,283]-logs.py]-INFO:查询sql数据组合list为[]
[2020-01-12 16:17:05,284]-logs.py]-INFO:接口响应数据组合list为[]
[2020-01-12 16:17:05,285]-logs.py]-INFO:设置交易密码——设置7位格式不正确密码【PASS】
[2020-01-12 16:17:05,578]-logs.py]-INFO:查询sql数据组合list为[]
[2020-01-12 16:17:05,579]-logs.py]-INFO:接口响应数据组合list为[]
[2020-01-12 16:17:05,580]-logs.py]-INFO:设置交易密码——设置6位正确密码【PASS】
[2020-01-12 16:19:06,719]-logs.py]-INFO:设置交易密码——设置5位格式不正确密码【PASS】
[2020-01-12 16:19:06,859]-logs.py]-INFO:设置交易密码——设置7位格式不正确密码【PASS】
[2020-01-12 16:19:07,151]-logs.py]-INFO:设置交易密码——设置6位正确密码【PASS】
[2020-01-12 16:19:47,358]-logs.py]-INFO:实名绑卡——身份证错误【PASS】
[2020-01-12 16:19:50,793]-logs.py]-INFO:实名绑卡——银行卡错误【PASS】
[2020-01-12 16:19:50,929]-logs.py]-INFO:实名绑卡——身份证位数不足【PASS】
[2020-01-12 16:19:51,234]-logs.py]-INFO:实名绑卡——银行卡位数不足【PASS】
[2020-01-12 16:19:51,921]-logs.py]-INFO:实名绑卡——实名绑卡成功【PASS】
[2020-01-12 16:37:42,957]-logs.py]-INFO:设置登录密码——设置6位密码【PASS】
[2020-01-12 16:37:43,287]-logs.py]-INFO:设置登录密码——设置20位密码【PASS】
[2020-01-12 16:38:13,078]-logs.py]-INFO:查询sql数据组合list为['任务10公司', 222, '111', '任务10']
[2020-01-12 16:38:13,079]-logs.py]-INFO:接口响应数据组合list为[]
[2020-01-12 16:38:13,080]-logs.py]-INFO:接口响应数据组合list为[]
[2020-01-12 16:38:13,081]-logs.py]-INFO:接口响应数据组合list为['任务10公司']
[2020-01-12 16:38:13,082]-logs.py]-INFO:接口响应数据组合list为['任务10公司']
[2020-01-12 16:38:13,083]-logs.py]-INFO:接口响应数据组合list为['任务10公司', 222, '111', '任务10']
[2020-01-12 16:38:13,084]-logs.py]-INFO:接口响应数据组合list为['任务10公司', 222, '111', '任务10']
[2020-01-12 16:38:13,085]-logs.py]-INFO:接口响应数据组合list为['任务10公司', 222, '111', '任务10']
[2020-01-12 16:38:13,086]-logs.py]-INFO:推荐任务详情——推荐任务详情【PASS】
[2020-01-12 16:41:21,309]-logs.py]-INFO:查询sql数据组合list为['任务10公司', 222, '111', '任务10']
[2020-01-12 16:41:21,310]-logs.py]-INFO:接口响应数据组合list为['任务10公司', 222, '111', '任务10']
[2020-01-12 16:41:21,311]-logs.py]-INFO:推荐任务详情——推荐任务详情【PASS】
[2020-01-12 16:41:45,165]-logs.py]-INFO:查询sql数据组合list为['任务10公司', 222, '任务10', '任务11公司', 222, '任务11', '任务9公司', 222, '任务9', '任务8公司', 222, '任务8', '任务7公司', 222, '任务7', '任务6公司', 312, '任务6', '任务5公司', 222, '任务5', '任务4', 111, '任务4', '任务3公司', 1, '任务3', '任务哈互联网科技阿萨联网科技阿联网科技阿', 99999, '任务2互联网科技阿萨联网科技阿联网科技阿']
[2020-01-12 16:41:45,166]-logs.py]-INFO:接口响应数据组合list为['任务10公司', 222, '任务10', '任务11公司', 222, '任务11', '任务9公司', 222, '任务9', '任务8公司', 222, '任务8', '任务7公司', 222, '任务7', '任务6公司', 312, '任务6', '任务5公司', 222, '任务5', '任务4', 111, '任务4', '任务3公司', 1, '任务3', '任务哈互联网科技阿萨联网科技阿联网科技阿', 99999, '任务2互联网科技阿萨联网科技阿联网科技阿']
[2020-01-12 16:41:45,167]-logs.py]-INFO:推荐任务——推荐任务列表【PASS】
[2020-01-12 16:42:06,771]-logs.py]-INFO:查询sql数据组合list为['自动化简称', '创意设计', '自动化测试任务1', '自动化简称', '创意设计', '自动化测试任务1', '自动化简称', '创意设计', '自动化测试任务1', '自动化简称', '创意设计', '自动化测试任务1', '自动化简称', '创意设计', '自动化测试任务1', '自动化简称', '创意设计', '自动化测试任务1', '自动化简称', '创意设计', '自动化测试任务1']
[2020-01-12 16:42:06,772]-logs.py]-INFO:接口响应数据组合list为['自动化简称', '创意设计', '自动化测试任务1', '自动化简称', '创意设计', '自动化测试任务1', '自动化简称', '创意设计', '自动化测试任务1', '自动化简称', '创意设计', '自动化测试任务1', '自动化简称', '创意设计', '自动化测试任务1', '自动化简称', '创意设计', '自动化测试任务1', '自动化简称', '创意设计', '自动化测试任务1']
[2020-01-12 16:42:06,773]-logs.py]-INFO:我的报名——全部页面【PASS】
[2020-01-12 16:42:06,985]-logs.py]-INFO:查询sql数据组合list为['自动化简称', '创意设计', '自动化测试任务1', '自动化简称', '创意设计', '自动化测试任务1', '自动化简称', '创意设计', '自动化测试任务1', '自动化简称', '创意设计', '自动化测试任务1', '自动化简称', '创意设计', '自动化测试任务1', '自动化简称', '创意设计', '自动化测试任务1', '自动化简称', '创意设计', '自动化测试任务1', '自动化简称', '创意设计', '自动化测试任务1']
[2020-01-12 16:42:06,986]-logs.py]-INFO:接口响应数据组合list为['自动化简称', '创意设计', '自动化测试任务1', '自动化简称', '创意设计', '自动化测试任务1', '自动化简称', '创意设计', '自动化测试任务1', '自动化简称', '创意设计', '自动化测试任务1', '自动化简称', '创意设计', '自动化测试任务1', '自动化简称', '创意设计', '自动化测试任务1', '自动化简称', '创意设计', '自动化测试任务1', '自动化简称', '创意设计', '自动化测试任务1']
[2020-01-12 16:42:06,988]-logs.py]-INFO:我的报名——待审核页面【PASS】
[2020-01-12 16:42:07,208]-logs.py]-INFO:查询sql数据组合list为['自动化简称', '创意设计', '自动化测试任务1', '自动化简称', '创意设计', '自动化测试任务1', '自动化简称', '创意设计', '自动化测试任务1', '自动化简称', '创意设计', '自动化测试任务1', '自动化简称', '创意设计', '自动化测试任务1', '自动化简称', '创意设计', '自动化测试任务1', '自动化简称', '创意设计', '自动化测试任务1', '自动化简称', '创意设计', '自动化测试任务1', '自动化简称', '创意设计', '自动化测试任务1', '自动化简称', '创意设计', '自动化测试任务1']
[2020-01-12 16:42:07,209]-logs.py]-INFO:接口响应数据组合list为['自动化简称', '创意设计', '自动化测试任务1', '自动化简称', '创意设计', '自动化测试任务1', '自动化简称', '创意设计', '自动化测试任务1', '自动化简称', '创意设计', '自动化测试任务1', '自动化简称', '创意设计', '自动化测试任务1', '自动化简称', '创意设计', '自动化测试任务1', '自动化简称', '创意设计', '自动化测试任务1', '自动化简称', '创意设计', '自动化测试任务1', '自动化简称', '创意设计', '自动化测试任务1', '自动化简称', '创意设计', '自动化测试任务1']
[2020-01-12 16:42:07,210]-logs.py]-INFO:我的报名——待签约页面【PASS】
[2020-01-12 16:42:07,417]-logs.py]-INFO:查询sql数据组合list为['自动化简称', '创意设计', '自动化测试任务1', '自动化简称', '创意设计', '自动化测试任务1', '自动化简称', '创意设计', '自动化测试任务1', '自动化简称', '创意设计', '自动化测试任务1', '自动化简称', '创意设计', '自动化测试任务1', '自动化简称', '创意设计', '自动化测试任务1', '自动化简称', '创意设计', '自动化测试任务1', '自动化简称', '创意设计', '自动化测试任务1', '自动化简称', '创意设计', '自动化测试任务1', '自动化简称', '创意设计', '自动化测试任务1', '自动化简称', '创意设计', '自动化测试任务1']
[2020-01-12 16:42:07,419]-logs.py]-INFO:接口响应数据组合list为['自动化简称', '创意设计', '自动化测试任务1', '自动化简称', '创意设计', '自动化测试任务1', '自动化简称', '创意设计', '自动化测试任务1', '自动化简称', '创意设计', '自动化测试任务1', '自动化简称', '创意设计', '自动化测试任务1', '自动化简称', '创意设计', '自动化测试任务1', '自动化简称', '创意设计', '自动化测试任务1', '自动化简称', '创意设计', '自动化测试任务1', '自动化简称', '创意设计', '自动化测试任务1', '自动化简称', '创意设计', '自动化测试任务1', '自动化简称', '创意设计', '自动化测试任务1']
[2020-01-12 16:42:07,420]-logs.py]-INFO:我的报名——已开工页面【PASS】
